<?xml version="1.0" encoding="UTF-8"?>
<!-- Generated by org.testng.reporters.JUnitReportReporter -->
<testsuite hostname="LAPTOP-NGN379BV" failures="0" tests="1" name="org.AppiumFramework.ActualTest" time="18.205" errors="0" timestamp="2025-08-20T09:34:34 IST" skipped="0">
  <testcase classname="org.AppiumFramework.ActualTest" name="checkTest" time="18.205"/>
</testsuite> <!-- org.AppiumFramework.ActualTest -->
